2024-02-29 07:46:56,599 [Worker-2: Loading available Gradle versions] INFO  o.e.b.c.i.u.g.PublishedGradleVersions - Gradle version information cache is up-to-date. Trying to read.
2024-02-29 07:51:34,311 [Worker-12: Import Getting Started Content] INFO  o.e.m.c.i.l.LifecycleMappingFactory - Using org.eclipse.m2e.jdt.JarLifecycleMapping lifecycle mapping for MavenProject: com.danielnunesro:ensino:0.0.1-SNAPSHOT @ C:\Users\Daniel\ProjetosSpring\ms\segundo\ensino\pom.xml.
2024-02-29 07:51:38,473 [Worker-12: Import Getting Started Content] INFO  o.e.m.j.i.AbstractJavaProjectConfigurator - Adding source folder /ensino/src/main/java
2024-02-29 07:51:38,474 [Worker-12: Import Getting Started Content] INFO  o.e.m.j.i.AbstractJavaProjectConfigurator - Adding resource folder /ensino/src/main/resources
2024-02-29 07:51:38,483 [Worker-12: Import Getting Started Content] INFO  o.e.m.j.i.AbstractJavaProjectConfigurator - Adding resource folder /ensino/src/main/resources
2024-02-29 07:51:38,494 [Worker-12: Import Getting Started Content] INFO  o.e.m.j.i.AbstractJavaProjectConfigurator - Adding source folder /ensino/src/test/java
2024-02-29 07:51:40,397 [Worker-12: Import Getting Started Content] INFO  o.e.m.c.i.p.ProjectConfigurationManager - Imported and configured 1 project(s) in 9 sec
2024-02-29 07:51:40,415 [Worker-12: Import Getting Started Content] INFO  o.e.m.c.i.p.ProjectConfigurationManager - Update started
2024-02-29 07:51:40,802 [Worker-12: Import Getting Started Content] INFO  o.e.m.c.i.l.LifecycleMappingFactory - Using org.eclipse.m2e.jdt.JarLifecycleMapping lifecycle mapping for MavenProject: com.danielnunesro:ensino:0.0.1-SNAPSHOT @ C:\Users\Daniel\ProjetosSpring\ms\segundo\ensino\pom.xml.
2024-02-29 07:51:41,472 [Worker-12: Import Getting Started Content] INFO  o.e.m.j.i.AbstractJavaProjectConfigurator - Adding source folder /ensino/src/main/java
2024-02-29 07:51:41,473 [Worker-12: Import Getting Started Content] INFO  o.e.m.j.i.AbstractJavaProjectConfigurator - Adding resource folder /ensino/src/main/resources
2024-02-29 07:51:41,474 [Worker-12: Import Getting Started Content] INFO  o.e.m.j.i.AbstractJavaProjectConfigurator - Adding resource folder /ensino/src/main/resources
2024-02-29 07:51:41,475 [Worker-12: Import Getting Started Content] INFO  o.e.m.j.i.AbstractJavaProjectConfigurator - Adding source folder /ensino/src/test/java
2024-02-29 07:51:41,926 [Worker-12: Import Getting Started Content] INFO  o.e.m.c.i.p.ProjectConfigurationManager - Update completed for 1 poms: local refresh takes 0,00 sec, refresh facades takes 1,00 sec, update config takes 0,00 sec 
2024-02-29 07:51:42,553 [Worker-12: Building] INFO  o.a.m.s.f.DefaultMavenResourcesFiltering - Copying 1 resource from src\main\resources to target\classes
2024-02-29 07:51:42,572 [Worker-12: Building] INFO  o.a.m.s.f.DefaultMavenResourcesFiltering - Copying 0 resource from src\main\resources to target\classes
2024-02-29 07:51:42,577 [Worker-12: Building] INFO  o.a.m.s.f.DefaultMavenResourcesFiltering - skip non existing resourceDirectory C:\Users\Daniel\ProjetosSpring\ms\segundo\ensino\src\test\resources
2024-02-29 07:55:40,481 [Worker-3: Building] INFO  o.a.m.s.f.DefaultMavenResourcesFiltering - Copying 1 resource from src\main\resources to target\classes
2024-02-29 07:55:40,489 [Worker-3: Building] INFO  o.a.m.s.f.DefaultMavenResourcesFiltering - Copying 0 resource from src\main\resources to target\classes
2024-02-29 07:55:40,494 [Worker-3: Building] INFO  o.a.m.s.f.DefaultMavenResourcesFiltering - skip non existing resourceDirectory C:\Users\Daniel\ProjetosSpring\ms\segundo\ensino\src\test\resources
2024-02-29 07:56:24,213 [Worker-4: Building] INFO  o.a.m.s.f.DefaultMavenResourcesFiltering - Copying 1 resource from src\main\resources to target\classes
2024-02-29 07:56:24,219 [Worker-4: Building] INFO  o.a.m.s.f.DefaultMavenResourcesFiltering - Copying 0 resource from src\main\resources to target\classes
2024-02-29 07:56:24,224 [Worker-4: Building] INFO  o.a.m.s.f.DefaultMavenResourcesFiltering - skip non existing resourceDirectory C:\Users\Daniel\ProjetosSpring\ms\segundo\ensino\src\test\resources
2024-02-29 07:58:57,747 [Worker-14: Building] INFO  o.a.m.s.f.DefaultMavenResourcesFiltering - Copying 1 resource from src\main\resources to target\classes
2024-02-29 07:58:57,753 [Worker-14: Building] INFO  o.a.m.s.f.DefaultMavenResourcesFiltering - Copying 0 resource from src\main\resources to target\classes
2024-02-29 07:58:57,756 [Worker-14: Building] INFO  o.a.m.s.f.DefaultMavenResourcesFiltering - skip non existing resourceDirectory C:\Users\Daniel\ProjetosSpring\ms\segundo\ensino\src\test\resources
2024-02-29 07:59:51,509 [Worker-4: Building] INFO  o.a.m.s.f.DefaultMavenResourcesFiltering - Copying 1 resource from src\main\resources to target\classes
2024-02-29 07:59:51,513 [Worker-4: Building] INFO  o.a.m.s.f.DefaultMavenResourcesFiltering - Copying 0 resource from src\main\resources to target\classes
2024-02-29 07:59:51,517 [Worker-4: Building] INFO  o.a.m.s.f.DefaultMavenResourcesFiltering - skip non existing resourceDirectory C:\Users\Daniel\ProjetosSpring\ms\segundo\ensino\src\test\resources
2024-02-29 08:01:02,188 [Worker-3: Building] INFO  o.e.m.c.i.l.LifecycleMappingFactory - Using org.eclipse.m2e.jdt.JarLifecycleMapping lifecycle mapping for MavenProject: com.danielnunesro:ensino:0.0.1-SNAPSHOT @ C:\Users\Daniel\ProjetosSpring\ms\segundo\ensino\pom.xml.
2024-02-29 08:01:02,737 [Worker-3: Building] INFO  o.a.m.s.f.DefaultMavenResourcesFiltering - Copying 1 resource from src\main\resources to target\classes
2024-02-29 08:01:02,751 [Worker-3: Building] INFO  o.a.m.s.f.DefaultMavenResourcesFiltering - Copying 0 resource from src\main\resources to target\classes
2024-02-29 08:01:02,756 [Worker-3: Building] INFO  o.a.m.s.f.DefaultMavenResourcesFiltering - skip non existing resourceDirectory C:\Users\Daniel\ProjetosSpring\ms\segundo\ensino\src\test\resources
2024-02-29 08:01:23,713 [Worker-15: Building] INFO  o.e.m.c.i.l.LifecycleMappingFactory - Using org.eclipse.m2e.jdt.JarLifecycleMapping lifecycle mapping for MavenProject: com.danielnunesro:ensino:0.0.1-SNAPSHOT @ C:\Users\Daniel\ProjetosSpring\ms\segundo\ensino\pom.xml.
2024-02-29 08:01:24,201 [Worker-15: Building] INFO  o.a.m.s.f.DefaultMavenResourcesFiltering - Copying 1 resource from src\main\resources to target\classes
2024-02-29 08:01:24,217 [Worker-15: Building] INFO  o.a.m.s.f.DefaultMavenResourcesFiltering - Copying 0 resource from src\main\resources to target\classes
2024-02-29 08:01:24,221 [Worker-15: Building] INFO  o.a.m.s.f.DefaultMavenResourcesFiltering - skip non existing resourceDirectory C:\Users\Daniel\ProjetosSpring\ms\segundo\ensino\src\test\resources
2024-02-29 08:01:24,257 [Worker-3: Updating Maven Project] INFO  o.e.m.c.i.p.ProjectConfigurationManager - Update started
2024-02-29 08:01:24,458 [Worker-3: Updating Maven Project] INFO  o.e.m.c.i.l.LifecycleMappingFactory - Using org.eclipse.m2e.jdt.JarLifecycleMapping lifecycle mapping for MavenProject: com.danielnunesro:ensino:0.0.1-SNAPSHOT @ C:\Users\Daniel\ProjetosSpring\ms\segundo\ensino\pom.xml.
2024-02-29 08:01:24,782 [Worker-3: Updating Maven Project] INFO  o.e.m.j.i.AbstractJavaProjectConfigurator - Adding source folder /ensino/src/main/java
2024-02-29 08:01:24,783 [Worker-3: Updating Maven Project] INFO  o.e.m.j.i.AbstractJavaProjectConfigurator - Adding resource folder /ensino/src/main/resources
2024-02-29 08:01:24,783 [Worker-3: Updating Maven Project] INFO  o.e.m.j.i.AbstractJavaProjectConfigurator - Adding resource folder /ensino/src/main/resources
2024-02-29 08:01:24,784 [Worker-3: Updating Maven Project] INFO  o.e.m.j.i.AbstractJavaProjectConfigurator - Adding source folder /ensino/src/test/java
2024-02-29 08:01:25,099 [Worker-3: Updating Maven Project] INFO  o.e.m.c.i.p.ProjectConfigurationManager - Update completed for 1 poms: local refresh takes 0,00 sec, refresh facades takes 0,00 sec, update config takes 0,00 sec 
2024-02-29 08:01:25,513 [Worker-4: Building] INFO  o.a.m.s.f.DefaultMavenResourcesFiltering - Copying 1 resource from src\main\resources to target\classes
2024-02-29 08:01:25,531 [Worker-4: Building] INFO  o.a.m.s.f.DefaultMavenResourcesFiltering - Copying 0 resource from src\main\resources to target\classes
2024-02-29 08:01:25,537 [Worker-4: Building] INFO  o.a.m.s.f.DefaultMavenResourcesFiltering - skip non existing resourceDirectory C:\Users\Daniel\ProjetosSpring\ms\segundo\ensino\src\test\resources
2024-02-29 08:01:54,121 [Worker-17: Building] INFO  o.a.m.s.f.DefaultMavenResourcesFiltering - Copying 1 resource from src\main\resources to target\classes
2024-02-29 08:01:54,127 [Worker-17: Building] INFO  o.a.m.s.f.DefaultMavenResourcesFiltering - Copying 0 resource from src\main\resources to target\classes
2024-02-29 08:01:54,131 [Worker-17: Building] INFO  o.a.m.s.f.DefaultMavenResourcesFiltering - skip non existing resourceDirectory C:\Users\Daniel\ProjetosSpring\ms\segundo\ensino\src\test\resources
2024-02-29 08:02:07,915 [Worker-15: Building] INFO  o.a.m.s.f.DefaultMavenResourcesFiltering - Copying 1 resource from src\main\resources to target\classes
2024-02-29 08:02:07,920 [Worker-15: Building] INFO  o.a.m.s.f.DefaultMavenResourcesFiltering - Copying 0 resource from src\main\resources to target\classes
2024-02-29 08:02:07,923 [Worker-15: Building] INFO  o.a.m.s.f.DefaultMavenResourcesFiltering - skip non existing resourceDirectory C:\Users\Daniel\ProjetosSpring\ms\segundo\ensino\src\test\resources
2024-02-29 08:04:32,316 [Worker-15: Building] INFO  o.a.m.s.f.DefaultMavenResourcesFiltering - Copying 1 resource from src\main\resources to target\classes
2024-02-29 08:04:32,321 [Worker-15: Building] INFO  o.a.m.s.f.DefaultMavenResourcesFiltering - Copying 0 resource from src\main\resources to target\classes
2024-02-29 08:04:32,324 [Worker-15: Building] INFO  o.a.m.s.f.DefaultMavenResourcesFiltering - skip non existing resourceDirectory C:\Users\Daniel\ProjetosSpring\ms\segundo\ensino\src\test\resources
2024-02-29 08:04:38,147 [main] INFO  o.e.m2e.actions.ExecutePomAction - Creating new launch configuration
2024-02-29 08:04:45,231 [Worker-13: Launching ensino] INFO  o.eclipse.m2e.core.internal.Bundles - getClasspathEntries(Bundle=org.eclipse.m2e.maven.runtime_3.8.701.20230209-1606 [346])
2024-02-29 08:04:45,245 [Worker-13: Launching ensino] INFO  o.eclipse.m2e.core.internal.Bundles - 	Entry: C:\Users\Daniel\Downloads\sts-4.18.1.RELEASE\plugins\org.eclipse.m2e.maven.runtime_3.8.701.20230209-1606
2024-02-29 08:04:45,245 [Worker-13: Launching ensino] INFO  o.eclipse.m2e.core.internal.Bundles - 	Entry: C:\Users\Daniel\Downloads\sts-4.18.1.RELEASE\plugins\org.eclipse.m2e.maven.runtime_3.8.701.20230209-1606\jars\aether-connector-okhttp-0.17.8.jar
2024-02-29 08:04:45,245 [Worker-13: Launching ensino] INFO  o.eclipse.m2e.core.internal.Bundles - 	Entry: C:\Users\Daniel\Downloads\sts-4.18.1.RELEASE\plugins\org.eclipse.m2e.maven.runtime_3.8.701.20230209-1606\jars\commons-lang3-3.8.1.jar
2024-02-29 08:04:45,245 [Worker-13: Launching ensino] INFO  o.eclipse.m2e.core.internal.Bundles - 	Entry: C:\Users\Daniel\Downloads\sts-4.18.1.RELEASE\plugins\org.eclipse.m2e.maven.runtime_3.8.701.20230209-1606\jars\guice-4.2.2-no_aop.jar
2024-02-29 08:04:45,245 [Worker-13: Launching ensino] INFO  o.eclipse.m2e.core.internal.Bundles - 	Entry: C:\Users\Daniel\Downloads\sts-4.18.1.RELEASE\plugins\org.eclipse.m2e.maven.runtime_3.8.701.20230209-1606\jars\jansi-2.4.0.jar
2024-02-29 08:04:45,246 [Worker-13: Launching ensino] INFO  o.eclipse.m2e.core.internal.Bundles - 	Entry: C:\Users\Daniel\Downloads\sts-4.18.1.RELEASE\plugins\org.eclipse.m2e.maven.runtime_3.8.701.20230209-1606\jars\maven-artifact-3.8.7.jar
2024-02-29 08:04:45,246 [Worker-13: Launching ensino] INFO  o.eclipse.m2e.core.internal.Bundles - 	Entry: C:\Users\Daniel\Downloads\sts-4.18.1.RELEASE\plugins\org.eclipse.m2e.maven.runtime_3.8.701.20230209-1606\jars\maven-builder-support-3.8.7.jar
2024-02-29 08:04:45,246 [Worker-13: Launching ensino] INFO  o.eclipse.m2e.core.internal.Bundles - 	Entry: C:\Users\Daniel\Downloads\sts-4.18.1.RELEASE\plugins\org.eclipse.m2e.maven.runtime_3.8.701.20230209-1606\jars\maven-compat-3.8.7.jar
2024-02-29 08:04:45,246 [Worker-13: Launching ensino] INFO  o.eclipse.m2e.core.internal.Bundles - 	Entry: C:\Users\Daniel\Downloads\sts-4.18.1.RELEASE\plugins\org.eclipse.m2e.maven.runtime_3.8.701.20230209-1606\jars\maven-core-3.8.7.jar
2024-02-29 08:04:45,246 [Worker-13: Launching ensino] INFO  o.eclipse.m2e.core.internal.Bundles - 	Entry: C:\Users\Daniel\Downloads\sts-4.18.1.RELEASE\plugins\org.eclipse.m2e.maven.runtime_3.8.701.20230209-1606\jars\maven-embedder-3.8.7.jar
2024-02-29 08:04:45,246 [Worker-13: Launching ensino] INFO  o.eclipse.m2e.core.internal.Bundles - 	Entry: C:\Users\Daniel\Downloads\sts-4.18.1.RELEASE\plugins\org.eclipse.m2e.maven.runtime_3.8.701.20230209-1606\jars\maven-model-3.8.7.jar
2024-02-29 08:04:45,246 [Worker-13: Launching ensino] INFO  o.eclipse.m2e.core.internal.Bundles - 	Entry: C:\Users\Daniel\Downloads\sts-4.18.1.RELEASE\plugins\org.eclipse.m2e.maven.runtime_3.8.701.20230209-1606\jars\maven-model-builder-3.8.7.jar
2024-02-29 08:04:45,247 [Worker-13: Launching ensino] INFO  o.eclipse.m2e.core.internal.Bundles - 	Entry: C:\Users\Daniel\Downloads\sts-4.18.1.RELEASE\plugins\org.eclipse.m2e.maven.runtime_3.8.701.20230209-1606\jars\maven-plugin-api-3.8.7.jar
2024-02-29 08:04:45,247 [Worker-13: Launching ensino] INFO  o.eclipse.m2e.core.internal.Bundles - 	Entry: C:\Users\Daniel\Downloads\sts-4.18.1.RELEASE\plugins\org.eclipse.m2e.maven.runtime_3.8.701.20230209-1606\jars\maven-repository-metadata-3.8.7.jar
2024-02-29 08:04:45,247 [Worker-13: Launching ensino] INFO  o.eclipse.m2e.core.internal.Bundles - 	Entry: C:\Users\Daniel\Downloads\sts-4.18.1.RELEASE\plugins\org.eclipse.m2e.maven.runtime_3.8.701.20230209-1606\jars\maven-resolver-api-1.6.3.jar
2024-02-29 08:04:45,247 [Worker-13: Launching ensino] INFO  o.eclipse.m2e.core.internal.Bundles - 	Entry: C:\Users\Daniel\Downloads\sts-4.18.1.RELEASE\plugins\org.eclipse.m2e.maven.runtime_3.8.701.20230209-1606\jars\maven-resolver-connector-basic-1.6.3.jar
2024-02-29 08:04:45,247 [Worker-13: Launching ensino] INFO  o.eclipse.m2e.core.internal.Bundles - 	Entry: C:\Users\Daniel\Downloads\sts-4.18.1.RELEASE\plugins\org.eclipse.m2e.maven.runtime_3.8.701.20230209-1606\jars\maven-resolver-impl-1.6.3.jar
2024-02-29 08:04:45,247 [Worker-13: Launching ensino] INFO  o.eclipse.m2e.core.internal.Bundles - 	Entry: C:\Users\Daniel\Downloads\sts-4.18.1.RELEASE\plugins\org.eclipse.m2e.maven.runtime_3.8.701.20230209-1606\jars\maven-resolver-provider-3.8.7.jar
2024-02-29 08:04:45,248 [Worker-13: Launching ensino] INFO  o.eclipse.m2e.core.internal.Bundles - 	Entry: C:\Users\Daniel\Downloads\sts-4.18.1.RELEASE\plugins\org.eclipse.m2e.maven.runtime_3.8.701.20230209-1606\jars\maven-resolver-spi-1.6.3.jar
2024-02-29 08:04:45,248 [Worker-13: Launching ensino] INFO  o.eclipse.m2e.core.internal.Bundles - 	Entry: C:\Users\Daniel\Downloads\sts-4.18.1.RELEASE\plugins\org.eclipse.m2e.maven.runtime_3.8.701.20230209-1606\jars\maven-resolver-transport-wagon-1.6.3.jar
2024-02-29 08:04:45,248 [Worker-13: Launching ensino] INFO  o.eclipse.m2e.core.internal.Bundles - 	Entry: C:\Users\Daniel\Downloads\sts-4.18.1.RELEASE\plugins\org.eclipse.m2e.maven.runtime_3.8.701.20230209-1606\jars\maven-resolver-util-1.6.3.jar
2024-02-29 08:04:45,248 [Worker-13: Launching ensino] INFO  o.eclipse.m2e.core.internal.Bundles - 	Entry: C:\Users\Daniel\Downloads\sts-4.18.1.RELEASE\plugins\org.eclipse.m2e.maven.runtime_3.8.701.20230209-1606\jars\maven-settings-3.8.7.jar
2024-02-29 08:04:45,248 [Worker-13: Launching ensino] INFO  o.eclipse.m2e.core.internal.Bundles - 	Entry: C:\Users\Daniel\Downloads\sts-4.18.1.RELEASE\plugins\org.eclipse.m2e.maven.runtime_3.8.701.20230209-1606\jars\maven-settings-builder-3.8.7.jar
2024-02-29 08:04:45,248 [Worker-13: Launching ensino] INFO  o.eclipse.m2e.core.internal.Bundles - 	Entry: C:\Users\Daniel\Downloads\sts-4.18.1.RELEASE\plugins\org.eclipse.m2e.maven.runtime_3.8.701.20230209-1606\jars\maven-shared-utils-3.3.4.jar
2024-02-29 08:04:45,248 [Worker-13: Launching ensino] INFO  o.eclipse.m2e.core.internal.Bundles - 	Entry: C:\Users\Daniel\Downloads\sts-4.18.1.RELEASE\plugins\org.eclipse.m2e.maven.runtime_3.8.701.20230209-1606\jars\okhttp-3.14.1.jar
2024-02-29 08:04:45,249 [Worker-13: Launching ensino] INFO  o.eclipse.m2e.core.internal.Bundles - 	Entry: C:\Users\Daniel\Downloads\sts-4.18.1.RELEASE\plugins\org.eclipse.m2e.maven.runtime_3.8.701.20230209-1606\jars\okio-1.17.3.jar
2024-02-29 08:04:45,249 [Worker-13: Launching ensino] INFO  o.eclipse.m2e.core.internal.Bundles - 	Entry: C:\Users\Daniel\Downloads\sts-4.18.1.RELEASE\plugins\org.eclipse.m2e.maven.runtime_3.8.701.20230209-1606\jars\org.eclipse.sisu.inject-0.3.5.jar
2024-02-29 08:04:45,249 [Worker-13: Launching ensino] INFO  o.eclipse.m2e.core.internal.Bundles - 	Entry: C:\Users\Daniel\Downloads\sts-4.18.1.RELEASE\plugins\org.eclipse.m2e.maven.runtime_3.8.701.20230209-1606\jars\org.eclipse.sisu.plexus-0.3.5.jar
2024-02-29 08:04:45,249 [Worker-13: Launching ensino] INFO  o.eclipse.m2e.core.internal.Bundles - 	Entry: C:\Users\Daniel\Downloads\sts-4.18.1.RELEASE\plugins\org.eclipse.m2e.maven.runtime_3.8.701.20230209-1606\jars\plexus-build-api-0.0.7.jar
2024-02-29 08:04:45,249 [Worker-13: Launching ensino] INFO  o.eclipse.m2e.core.internal.Bundles - 	Entry: C:\Users\Daniel\Downloads\sts-4.18.1.RELEASE\plugins\org.eclipse.m2e.maven.runtime_3.8.701.20230209-1606\jars\plexus-cipher-2.0.jar
2024-02-29 08:04:45,249 [Worker-13: Launching ensino] INFO  o.eclipse.m2e.core.internal.Bundles - 	Entry: C:\Users\Daniel\Downloads\sts-4.18.1.RELEASE\plugins\org.eclipse.m2e.maven.runtime_3.8.701.20230209-1606\jars\plexus-classworlds-2.6.0.jar
2024-02-29 08:04:45,249 [Worker-13: Launching ensino] INFO  o.eclipse.m2e.core.internal.Bundles - 	Entry: C:\Users\Daniel\Downloads\sts-4.18.1.RELEASE\plugins\org.eclipse.m2e.maven.runtime_3.8.701.20230209-1606\jars\plexus-component-annotations-2.1.0.jar
2024-02-29 08:04:45,249 [Worker-13: Launching ensino] INFO  o.eclipse.m2e.core.internal.Bundles - 	Entry: C:\Users\Daniel\Downloads\sts-4.18.1.RELEASE\plugins\org.eclipse.m2e.maven.runtime_3.8.701.20230209-1606\jars\plexus-interpolation-1.26.jar
2024-02-29 08:04:45,250 [Worker-13: Launching ensino] INFO  o.eclipse.m2e.core.internal.Bundles - 	Entry: C:\Users\Daniel\Downloads\sts-4.18.1.RELEASE\plugins\org.eclipse.m2e.maven.runtime_3.8.701.20230209-1606\jars\plexus-sec-dispatcher-2.0.jar
2024-02-29 08:04:45,250 [Worker-13: Launching ensino] INFO  o.eclipse.m2e.core.internal.Bundles - 	Entry: C:\Users\Daniel\Downloads\sts-4.18.1.RELEASE\plugins\org.eclipse.m2e.maven.runtime_3.8.701.20230209-1606\jars\plexus-utils-3.3.1.jar
2024-02-29 08:04:45,250 [Worker-13: Launching ensino] INFO  o.eclipse.m2e.core.internal.Bundles - 	Entry: C:\Users\Daniel\Downloads\sts-4.18.1.RELEASE\plugins\org.eclipse.m2e.maven.runtime_3.8.701.20230209-1606\jars\wagon-file-3.5.3.jar
2024-02-29 08:04:45,250 [Worker-13: Launching ensino] INFO  o.eclipse.m2e.core.internal.Bundles - 	Entry: C:\Users\Daniel\Downloads\sts-4.18.1.RELEASE\plugins\org.eclipse.m2e.maven.runtime_3.8.701.20230209-1606\jars\wagon-provider-api-3.5.3.jar
2024-02-29 08:04:45,251 [Worker-13: Launching ensino] INFO  o.eclipse.m2e.core.internal.Bundles - getClasspathEntries(Bundle=com.google.guava_31.1.0.jre [23])
2024-02-29 08:04:45,252 [Worker-13: Launching ensino] INFO  o.eclipse.m2e.core.internal.Bundles - 	Entry: C:\Users\Daniel\Downloads\sts-4.18.1.RELEASE\plugins\com.google.guava_31.1.0.jre.jar
2024-02-29 08:04:45,252 [Worker-13: Launching ensino] INFO  o.eclipse.m2e.core.internal.Bundles - getClasspathEntries(Bundle=slf4j.api_1.7.36 [580])
2024-02-29 08:04:45,253 [Worker-13: Launching ensino] INFO  o.eclipse.m2e.core.internal.Bundles - 	Entry: C:\Users\Daniel\Downloads\sts-4.18.1.RELEASE\plugins\slf4j.api_1.7.36.jar
2024-02-29 08:04:45,253 [Worker-13: Launching ensino] INFO  o.eclipse.m2e.core.internal.Bundles - getClasspathEntries(Bundle=javax.inject_1.0.0.v20220405-0441 [50])
2024-02-29 08:04:45,254 [Worker-13: Launching ensino] INFO  o.eclipse.m2e.core.internal.Bundles - 	Entry: C:\Users\Daniel\Downloads\sts-4.18.1.RELEASE\plugins\javax.inject_1.0.0.v20220405-0441.jar
2024-02-29 08:04:45,254 [Worker-13: Launching ensino] INFO  o.eclipse.m2e.core.internal.Bundles - getClasspathEntries(Bundle=javax.annotation_1.3.5.v20221203-1659 [48])
2024-02-29 08:04:45,256 [Worker-13: Launching ensino] INFO  o.eclipse.m2e.core.internal.Bundles - 	Entry: C:\Users\Daniel\Downloads\sts-4.18.1.RELEASE\plugins\javax.annotation_1.3.5.v20221203-1659.jar
2024-02-29 08:04:45,256 [Worker-13: Launching ensino] INFO  o.eclipse.m2e.core.internal.Bundles - getClasspathEntries(Bundle=org.apache.commons.cli_1.4.0.v20221112-0806 [73])
2024-02-29 08:04:45,257 [Worker-13: Launching ensino] INFO  o.eclipse.m2e.core.internal.Bundles - 	Entry: C:\Users\Daniel\Downloads\sts-4.18.1.RELEASE\plugins\org.apache.commons.cli_1.4.0.v20221112-0806.jar
2024-02-29 08:04:45,257 [Worker-13: Launching ensino] INFO  o.eclipse.m2e.core.internal.Bundles - getClasspathEntries(Bundle=com.google.guava.failureaccess_1.0.1 [25])
2024-02-29 08:04:45,258 [Worker-13: Launching ensino] INFO  o.eclipse.m2e.core.internal.Bundles - 	Entry: C:\Users\Daniel\Downloads\sts-4.18.1.RELEASE\plugins\com.google.guava.failureaccess_1.0.1.jar
2024-02-29 08:04:45,262 [Worker-13: Launching ensino] INFO  o.e.m.i.launch.MavenLaunchDelegate - Run build in "C:\Users\Daniel\ProjetosSpring\ms\segundo\ensino":
2024-02-29 08:04:45,262 [Worker-13: Launching ensino] INFO  o.e.m.i.launch.MavenLaunchDelegate -  mvn  -Ppom.xml -B -Dstyle.color=always clean package
2024-02-29 08:07:38,144 [Worker-17: Building] INFO  o.a.m.s.f.DefaultMavenResourcesFiltering - Copying 0 resource from src\main\resources to target\classes
2024-02-29 08:07:38,145 [Worker-17: Building] INFO  o.a.m.s.f.DefaultMavenResourcesFiltering - Copying 0 resource from src\main\resources to target\classes
2024-02-29 08:07:38,149 [Worker-17: Building] INFO  o.a.m.s.f.DefaultMavenResourcesFiltering - skip non existing resourceDirectory C:\Users\Daniel\ProjetosSpring\ms\segundo\ensino\src\test\resources
2024-02-29 08:08:16,317 [Worker-18: Building] INFO  o.e.m.c.i.l.LifecycleMappingFactory - Using org.eclipse.m2e.jdt.JarLifecycleMapping lifecycle mapping for MavenProject: com.danielnunesro:ensino:0.0.1-SNAPSHOT @ C:\Users\Daniel\ProjetosSpring\ms\segundo\ensino\pom.xml.
2024-02-29 08:08:16,795 [Worker-18: Building] INFO  o.a.m.s.f.DefaultMavenResourcesFiltering - Copying 1 resource from src\main\resources to target\classes
2024-02-29 08:08:16,807 [Worker-18: Building] INFO  o.a.m.s.f.DefaultMavenResourcesFiltering - Copying 0 resource from src\main\resources to target\classes
2024-02-29 08:08:16,810 [Worker-18: Building] INFO  o.a.m.s.f.DefaultMavenResourcesFiltering - skip non existing resourceDirectory C:\Users\Daniel\ProjetosSpring\ms\segundo\ensino\src\test\resources
2024-02-29 08:08:18,162 [Worker-13: Download sources and javadoc] INFO  o.e.m.c.i.e.AbstractTransferListenerAdapter - Downloading https://repo.maven.apache.org/maven2/org/mockito/mockito-core/5.10.0/mockito-core-5.10.0-sources.jar
2024-02-29 08:08:18,428 [Worker-13: Download sources and javadoc] INFO  o.e.m.c.i.e.AbstractTransferListenerAdapter - Downloaded https://repo.maven.apache.org/maven2/org/mockito/mockito-core/5.10.0/mockito-core-5.10.0-sources.jar
2024-02-29 08:08:18,432 [Worker-13: Download sources and javadoc] INFO  o.e.m.j.internal.DownloadSourcesJob - Downloaded sources for org.mockito:mockito-core:5.10.0
2024-02-29 08:08:37,204 [Worker-18: Building] INFO  o.a.m.s.f.DefaultMavenResourcesFiltering - Copying 1 resource from src\main\resources to target\classes
2024-02-29 08:08:37,214 [Worker-18: Building] INFO  o.a.m.s.f.DefaultMavenResourcesFiltering - Copying 0 resource from src\main\resources to target\classes
2024-02-29 08:08:37,217 [Worker-18: Building] INFO  o.a.m.s.f.DefaultMavenResourcesFiltering - skip non existing resourceDirectory C:\Users\Daniel\ProjetosSpring\ms\segundo\ensino\src\test\resources
2024-02-29 08:09:10,585 [Worker-18: Building] INFO  o.a.m.s.f.DefaultMavenResourcesFiltering - Copying 0 resource from src\main\resources to target\classes
2024-02-29 08:09:10,585 [Worker-18: Building] INFO  o.a.m.s.f.DefaultMavenResourcesFiltering - Copying 0 resource from src\main\resources to target\classes
2024-02-29 08:09:10,588 [Worker-18: Building] INFO  o.a.m.s.f.DefaultMavenResourcesFiltering - skip non existing resourceDirectory C:\Users\Daniel\ProjetosSpring\ms\segundo\ensino\src\test\resources
2024-02-29 08:10:16,214 [Worker-13: Building] INFO  o.a.m.s.f.DefaultMavenResourcesFiltering - Copying 0 resource from src\main\resources to target\classes
2024-02-29 08:10:16,215 [Worker-13: Building] INFO  o.a.m.s.f.DefaultMavenResourcesFiltering - Copying 0 resource from src\main\resources to target\classes
2024-02-29 08:10:16,218 [Worker-13: Building] INFO  o.a.m.s.f.DefaultMavenResourcesFiltering - skip non existing resourceDirectory C:\Users\Daniel\ProjetosSpring\ms\segundo\ensino\src\test\resources
2024-02-29 08:10:40,406 [Worker-18: Building] INFO  o.a.m.s.f.DefaultMavenResourcesFiltering - Copying 1 resource from src\main\resources to target\classes
2024-02-29 08:10:40,411 [Worker-18: Building] INFO  o.a.m.s.f.DefaultMavenResourcesFiltering - Copying 0 resource from src\main\resources to target\classes
2024-02-29 08:10:40,414 [Worker-18: Building] INFO  o.a.m.s.f.DefaultMavenResourcesFiltering - skip non existing resourceDirectory C:\Users\Daniel\ProjetosSpring\ms\segundo\ensino\src\test\resources
2024-02-29 08:10:49,442 [Worker-18: Building] INFO  o.a.m.s.f.DefaultMavenResourcesFiltering - Copying 1 resource from src\main\resources to target\classes
2024-02-29 08:10:49,447 [Worker-18: Building] INFO  o.a.m.s.f.DefaultMavenResourcesFiltering - Copying 0 resource from src\main\resources to target\classes
2024-02-29 08:10:49,450 [Worker-18: Building] INFO  o.a.m.s.f.DefaultMavenResourcesFiltering - skip non existing resourceDirectory C:\Users\Daniel\ProjetosSpring\ms\segundo\ensino\src\test\resources
2024-02-29 08:11:24,270 [Worker-18: Building] INFO  o.a.m.s.f.DefaultMavenResourcesFiltering - Copying 1 resource from src\main\resources to target\classes
2024-02-29 08:11:24,275 [Worker-18: Building] INFO  o.a.m.s.f.DefaultMavenResourcesFiltering - Copying 0 resource from src\main\resources to target\classes
2024-02-29 08:11:24,279 [Worker-18: Building] INFO  o.a.m.s.f.DefaultMavenResourcesFiltering - skip non existing resourceDirectory C:\Users\Daniel\ProjetosSpring\ms\segundo\ensino\src\test\resources
2024-02-29 08:11:39,239 [Worker-3: Building] INFO  o.a.m.s.f.DefaultMavenResourcesFiltering - Copying 1 resource from src\main\resources to target\classes
2024-02-29 08:11:39,244 [Worker-3: Building] INFO  o.a.m.s.f.DefaultMavenResourcesFiltering - Copying 0 resource from src\main\resources to target\classes
2024-02-29 08:11:39,249 [Worker-3: Building] INFO  o.a.m.s.f.DefaultMavenResourcesFiltering - skip non existing resourceDirectory C:\Users\Daniel\ProjetosSpring\ms\segundo\ensino\src\test\resources
2024-02-29 08:11:48,985 [Worker-3: Building] INFO  o.a.m.s.f.DefaultMavenResourcesFiltering - Copying 1 resource from src\main\resources to target\classes
2024-02-29 08:11:48,990 [Worker-3: Building] INFO  o.a.m.s.f.DefaultMavenResourcesFiltering - Copying 0 resource from src\main\resources to target\classes
2024-02-29 08:11:48,993 [Worker-3: Building] INFO  o.a.m.s.f.DefaultMavenResourcesFiltering - skip non existing resourceDirectory C:\Users\Daniel\ProjetosSpring\ms\segundo\ensino\src\test\resources
2024-02-29 08:11:59,709 [main] INFO  o.e.m2e.actions.ExecutePomAction - Using existing launch configuration
2024-02-29 08:11:59,744 [Worker-3: Launching ensino] INFO  o.e.m.i.launch.MavenLaunchDelegate - Run build in "C:\Users\Daniel\ProjetosSpring\ms\segundo\ensino":
2024-02-29 08:11:59,744 [Worker-3: Launching ensino] INFO  o.e.m.i.launch.MavenLaunchDelegate -  mvn  -Ppom.xml -B -Dstyle.color=always clean package
2024-02-29 08:25:12,354 [Worker-17: Building] INFO  o.a.m.s.f.DefaultMavenResourcesFiltering - Copying 1 resource from src\main\resources to target\classes
2024-02-29 08:25:12,360 [Worker-17: Building] INFO  o.a.m.s.f.DefaultMavenResourcesFiltering - Copying 0 resource from src\main\resources to target\classes
2024-02-29 08:25:12,363 [Worker-17: Building] INFO  o.a.m.s.f.DefaultMavenResourcesFiltering - skip non existing resourceDirectory C:\Users\Daniel\ProjetosSpring\ms\segundo\ensino\src\test\resources
2024-02-29 08:29:58,481 [Worker-21: Building] INFO  o.a.m.s.f.DefaultMavenResourcesFiltering - Copying 1 resource from src\main\resources to target\classes
2024-02-29 08:29:58,486 [Worker-21: Building] INFO  o.a.m.s.f.DefaultMavenResourcesFiltering - Copying 0 resource from src\main\resources to target\classes
2024-02-29 08:29:58,489 [Worker-21: Building] INFO  o.a.m.s.f.DefaultMavenResourcesFiltering - skip non existing resourceDirectory C:\Users\Daniel\ProjetosSpring\ms\segundo\ensino\src\test\resources
2024-02-29 08:31:30,310 [Worker-22: Building] INFO  o.a.m.s.f.DefaultMavenResourcesFiltering - Copying 1 resource from src\main\resources to target\classes
2024-02-29 08:31:30,323 [Worker-22: Building] INFO  o.a.m.s.f.DefaultMavenResourcesFiltering - Copying 0 resource from src\main\resources to target\classes
2024-02-29 08:31:30,327 [Worker-22: Building] INFO  o.a.m.s.f.DefaultMavenResourcesFiltering - skip non existing resourceDirectory C:\Users\Daniel\ProjetosSpring\ms\segundo\ensino\src\test\resources
2024-02-29 08:32:45,289 [Worker-23: Building] INFO  o.a.m.s.f.DefaultMavenResourcesFiltering - Copying 1 resource from src\main\resources to target\classes
2024-02-29 08:32:45,296 [Worker-23: Building] INFO  o.a.m.s.f.DefaultMavenResourcesFiltering - Copying 0 resource from src\main\resources to target\classes
2024-02-29 08:32:45,299 [Worker-23: Building] INFO  o.a.m.s.f.DefaultMavenResourcesFiltering - skip non existing resourceDirectory C:\Users\Daniel\ProjetosSpring\ms\segundo\ensino\src\test\resources
2024-02-29 08:32:52,753 [Worker-22: Building] INFO  o.a.m.s.f.DefaultMavenResourcesFiltering - Copying 1 resource from src\main\resources to target\classes
2024-02-29 08:32:52,759 [Worker-22: Building] INFO  o.a.m.s.f.DefaultMavenResourcesFiltering - Copying 0 resource from src\main\resources to target\classes
2024-02-29 08:32:52,762 [Worker-22: Building] INFO  o.a.m.s.f.DefaultMavenResourcesFiltering - skip non existing resourceDirectory C:\Users\Daniel\ProjetosSpring\ms\segundo\ensino\src\test\resources
2024-02-29 08:37:50,124 [Worker-16: Building] INFO  o.a.m.s.f.DefaultMavenResourcesFiltering - Copying 1 resource from src\main\resources to target\classes
2024-02-29 08:37:50,131 [Worker-16: Building] INFO  o.a.m.s.f.DefaultMavenResourcesFiltering - Copying 0 resource from src\main\resources to target\classes
2024-02-29 08:37:50,134 [Worker-16: Building] INFO  o.a.m.s.f.DefaultMavenResourcesFiltering - skip non existing resourceDirectory C:\Users\Daniel\ProjetosSpring\ms\segundo\ensino\src\test\resources
2024-02-29 08:43:30,564 [Worker-16: Building] INFO  o.a.m.s.f.DefaultMavenResourcesFiltering - Copying 1 resource from src\main\resources to target\classes
2024-02-29 08:43:30,570 [Worker-16: Building] INFO  o.a.m.s.f.DefaultMavenResourcesFiltering - Copying 0 resource from src\main\resources to target\classes
2024-02-29 08:43:30,574 [Worker-16: Building] INFO  o.a.m.s.f.DefaultMavenResourcesFiltering - skip non existing resourceDirectory C:\Users\Daniel\ProjetosSpring\ms\segundo\ensino\src\test\resources
2024-02-29 08:46:16,840 [Worker-25: Launching ensino - EnsinoApplication] INFO  o.a.m.s.f.DefaultMavenResourcesFiltering - Copying 1 resource from src\main\resources to target\classes
2024-02-29 08:46:16,846 [Worker-25: Launching ensino - EnsinoApplication] INFO  o.a.m.s.f.DefaultMavenResourcesFiltering - Copying 0 resource from src\main\resources to target\classes
2024-02-29 08:46:16,849 [Worker-25: Launching ensino - EnsinoApplication] INFO  o.a.m.s.f.DefaultMavenResourcesFiltering - skip non existing resourceDirectory C:\Users\Daniel\ProjetosSpring\ms\segundo\ensino\src\test\resources
2024-02-29 08:51:40,999 [Worker-30: Launching ensino - EnsinoApplication] INFO  o.a.m.s.f.DefaultMavenResourcesFiltering - Copying 1 resource from src\main\resources to target\classes
2024-02-29 08:51:41,005 [Worker-30: Launching ensino - EnsinoApplication] INFO  o.a.m.s.f.DefaultMavenResourcesFiltering - Copying 0 resource from src\main\resources to target\classes
2024-02-29 08:51:41,008 [Worker-30: Launching ensino - EnsinoApplication] INFO  o.a.m.s.f.DefaultMavenResourcesFiltering - skip non existing resourceDirectory C:\Users\Daniel\ProjetosSpring\ms\segundo\ensino\src\test\resources
2024-02-29 08:53:07,311 [Worker-24: Building] INFO  o.a.m.s.f.DefaultMavenResourcesFiltering - Copying 1 resource from src\main\resources to target\classes
2024-02-29 08:53:07,318 [Worker-24: Building] INFO  o.a.m.s.f.DefaultMavenResourcesFiltering - Copying 0 resource from src\main\resources to target\classes
2024-02-29 08:53:07,321 [Worker-24: Building] INFO  o.a.m.s.f.DefaultMavenResourcesFiltering - skip non existing resourceDirectory C:\Users\Daniel\ProjetosSpring\ms\segundo\ensino\src\test\resources
2024-02-29 10:03:13,663 [Worker-44: Update Maven projects configuration] INFO  o.e.m.c.i.p.ProjectConfigurationManager - Update started
2024-02-29 10:03:14,831 [Worker-44: Update Maven projects configuration] INFO  o.e.m.c.i.l.LifecycleMappingFactory - Using org.eclipse.m2e.jdt.JarLifecycleMapping lifecycle mapping for MavenProject: com.danielnunesro:users:0.0.1-SNAPSHOT @ C:\Users\Daniel\Downloads\users\users\pom.xml.
2024-02-29 10:03:17,057 [Worker-44: Update Maven projects configuration] INFO  o.e.m.j.i.AbstractJavaProjectConfigurator - Adding source folder /users_users/src/main/java
2024-02-29 10:03:17,057 [Worker-44: Update Maven projects configuration] INFO  o.e.m.j.i.AbstractJavaProjectConfigurator - Adding resource folder /users_users/src/main/resources
2024-02-29 10:03:17,070 [Worker-44: Update Maven projects configuration] INFO  o.e.m.j.i.AbstractJavaProjectConfigurator - Adding resource folder /users_users/src/main/resources
2024-02-29 10:03:17,088 [Worker-44: Update Maven projects configuration] INFO  o.e.m.j.i.AbstractJavaProjectConfigurator - Adding source folder /users_users/src/test/java
2024-02-29 10:03:21,588 [Worker-41: Building] INFO  o.a.m.s.f.DefaultMavenResourcesFiltering - Copying 1 resource from src\main\resources to target\classes
2024-02-29 10:03:21,609 [Worker-41: Building] INFO  o.a.m.s.f.DefaultMavenResourcesFiltering - Copying 0 resource from src\main\resources to target\classes
2024-02-29 10:03:21,613 [Worker-41: Building] INFO  o.a.m.s.f.DefaultMavenResourcesFiltering - skip non existing resourceDirectory C:\Users\Daniel\Downloads\users\users\src\test\resources
2024-02-29 10:03:21,724 [Worker-44: Update Maven projects configuration] INFO  o.e.m.c.i.p.ProjectConfigurationManager - Update completed for 1 poms: local refresh takes 0,00 sec, refresh facades takes 3,00 sec, update config takes 4,00 sec 
2024-02-29 10:03:21,961 [Worker-41: Building] INFO  o.a.m.s.f.DefaultMavenResourcesFiltering - Copying 1 resource from src\main\resources to target\classes
2024-02-29 10:03:21,963 [Worker-41: Building] INFO  o.a.m.s.f.DefaultMavenResourcesFiltering - Copying 0 resource from src\main\resources to target\classes
2024-02-29 10:03:21,966 [Worker-41: Building] INFO  o.a.m.s.f.DefaultMavenResourcesFiltering - skip non existing resourceDirectory C:\Users\Daniel\Downloads\users\users\src\test\resources
2024-02-29 10:05:40,324 [Worker-29: Building] INFO  o.a.m.s.f.DefaultMavenResourcesFiltering - Copying 1 resource from src\main\resources to target\classes
2024-02-29 10:05:40,334 [Worker-29: Building] INFO  o.a.m.s.f.DefaultMavenResourcesFiltering - Copying 0 resource from src\main\resources to target\classes
2024-02-29 10:05:40,337 [Worker-29: Building] INFO  o.a.m.s.f.DefaultMavenResourcesFiltering - skip non existing resourceDirectory C:\Users\Daniel\ProjetosSpring\ms\segundo\ensino\src\test\resources
2024-02-29 10:06:22,336 [Worker-29: Building] INFO  o.a.m.s.f.DefaultMavenResourcesFiltering - Copying 1 resource from src\main\resources to target\classes
2024-02-29 10:06:22,360 [Worker-29: Building] INFO  o.a.m.s.f.DefaultMavenResourcesFiltering - Copying 0 resource from src\main\resources to target\classes
2024-02-29 10:06:22,365 [Worker-29: Building] INFO  o.a.m.s.f.DefaultMavenResourcesFiltering - skip non existing resourceDirectory C:\Users\Daniel\ProjetosSpring\ms\segundo\ensino\src\test\resources
2024-02-29 10:07:08,727 [Worker-41: Building] INFO  o.a.m.s.f.DefaultMavenResourcesFiltering - Copying 1 resource from src\main\resources to target\classes
2024-02-29 10:07:08,750 [Worker-41: Building] INFO  o.a.m.s.f.DefaultMavenResourcesFiltering - Copying 0 resource from src\main\resources to target\classes
2024-02-29 10:07:08,752 [Worker-41: Building] INFO  o.a.m.s.f.DefaultMavenResourcesFiltering - skip non existing resourceDirectory C:\Users\Daniel\ProjetosSpring\ms\segundo\ensino\src\test\resources
2024-02-29 10:07:35,033 [Worker-41: Building] INFO  o.a.m.s.f.DefaultMavenResourcesFiltering - Copying 1 resource from src\main\resources to target\classes
2024-02-29 10:07:35,041 [Worker-41: Building] INFO  o.a.m.s.f.DefaultMavenResourcesFiltering - Copying 0 resource from src\main\resources to target\classes
2024-02-29 10:07:35,044 [Worker-41: Building] INFO  o.a.m.s.f.DefaultMavenResourcesFiltering - skip non existing resourceDirectory C:\Users\Daniel\ProjetosSpring\ms\segundo\ensino\src\test\resources
2024-02-29 10:10:48,066 [Worker-44: Building] INFO  o.a.m.s.f.DefaultMavenResourcesFiltering - Copying 1 resource from src\main\resources to target\classes
2024-02-29 10:10:48,073 [Worker-44: Building] INFO  o.a.m.s.f.DefaultMavenResourcesFiltering - Copying 0 resource from src\main\resources to target\classes
2024-02-29 10:10:48,076 [Worker-44: Building] INFO  o.a.m.s.f.DefaultMavenResourcesFiltering - skip non existing resourceDirectory C:\Users\Daniel\ProjetosSpring\ms\segundo\ensino\src\test\resources
2024-02-29 10:11:47,754 [Worker-40: Building] INFO  o.a.m.s.f.DefaultMavenResourcesFiltering - Copying 1 resource from src\main\resources to target\classes
2024-02-29 10:11:47,759 [Worker-40: Building] INFO  o.a.m.s.f.DefaultMavenResourcesFiltering - Copying 0 resource from src\main\resources to target\classes
2024-02-29 10:11:47,762 [Worker-40: Building] INFO  o.a.m.s.f.DefaultMavenResourcesFiltering - skip non existing resourceDirectory C:\Users\Daniel\ProjetosSpring\ms\segundo\ensino\src\test\resources
2024-02-29 10:13:53,059 [Worker-44: Building] INFO  o.a.m.s.f.DefaultMavenResourcesFiltering - Copying 1 resource from src\main\resources to target\classes
2024-02-29 10:13:53,065 [Worker-44: Building] INFO  o.a.m.s.f.DefaultMavenResourcesFiltering - Copying 0 resource from src\main\resources to target\classes
2024-02-29 10:13:53,067 [Worker-44: Building] INFO  o.a.m.s.f.DefaultMavenResourcesFiltering - skip non existing resourceDirectory C:\Users\Daniel\ProjetosSpring\ms\segundo\ensino\src\test\resources
2024-02-29 10:14:35,392 [Worker-41: Building] INFO  o.a.m.s.f.DefaultMavenResourcesFiltering - Copying 1 resource from src\main\resources to target\classes
2024-02-29 10:14:35,397 [Worker-41: Building] INFO  o.a.m.s.f.DefaultMavenResourcesFiltering - Copying 0 resource from src\main\resources to target\classes
2024-02-29 10:14:35,401 [Worker-41: Building] INFO  o.a.m.s.f.DefaultMavenResourcesFiltering - skip non existing resourceDirectory C:\Users\Daniel\ProjetosSpring\ms\segundo\ensino\src\test\resources
2024-02-29 10:15:03,271 [Worker-41: Building] INFO  o.a.m.s.f.DefaultMavenResourcesFiltering - Copying 1 resource from src\main\resources to target\classes
2024-02-29 10:15:03,279 [Worker-41: Building] INFO  o.a.m.s.f.DefaultMavenResourcesFiltering - Copying 0 resource from src\main\resources to target\classes
2024-02-29 10:15:03,281 [Worker-41: Building] INFO  o.a.m.s.f.DefaultMavenResourcesFiltering - skip non existing resourceDirectory C:\Users\Daniel\ProjetosSpring\ms\segundo\ensino\src\test\resources
2024-02-29 10:16:08,219 [Worker-42: Building] INFO  o.a.m.s.f.DefaultMavenResourcesFiltering - Copying 1 resource from src\main\resources to target\classes
2024-02-29 10:16:08,224 [Worker-42: Building] INFO  o.a.m.s.f.DefaultMavenResourcesFiltering - Copying 0 resource from src\main\resources to target\classes
2024-02-29 10:16:08,227 [Worker-42: Building] INFO  o.a.m.s.f.DefaultMavenResourcesFiltering - skip non existing resourceDirectory C:\Users\Daniel\ProjetosSpring\ms\segundo\ensino\src\test\resources
2024-02-29 10:18:57,348 [Worker-44: Building] INFO  o.a.m.s.f.DefaultMavenResourcesFiltering - Copying 1 resource from src\main\resources to target\classes
2024-02-29 10:18:57,353 [Worker-44: Building] INFO  o.a.m.s.f.DefaultMavenResourcesFiltering - Copying 0 resource from src\main\resources to target\classes
2024-02-29 10:18:57,356 [Worker-44: Building] INFO  o.a.m.s.f.DefaultMavenResourcesFiltering - skip non existing resourceDirectory C:\Users\Daniel\ProjetosSpring\ms\segundo\ensino\src\test\resources
2024-02-29 10:20:50,554 [Worker-47: Building] INFO  o.a.m.s.f.DefaultMavenResourcesFiltering - Copying 1 resource from src\main\resources to target\classes
2024-02-29 10:20:50,559 [Worker-47: Building] INFO  o.a.m.s.f.DefaultMavenResourcesFiltering - Copying 0 resource from src\main\resources to target\classes
2024-02-29 10:20:50,562 [Worker-47: Building] INFO  o.a.m.s.f.DefaultMavenResourcesFiltering - skip non existing resourceDirectory C:\Users\Daniel\Downloads\users\users\src\test\resources
2024-02-29 10:22:43,427 [Worker-45: Building] INFO  o.a.m.s.f.DefaultMavenResourcesFiltering - Copying 1 resource from src\main\resources to target\classes
2024-02-29 10:22:43,432 [Worker-45: Building] INFO  o.a.m.s.f.DefaultMavenResourcesFiltering - Copying 0 resource from src\main\resources to target\classes
2024-02-29 10:22:43,435 [Worker-45: Building] INFO  o.a.m.s.f.DefaultMavenResourcesFiltering - skip non existing resourceDirectory C:\Users\Daniel\Downloads\users\users\src\test\resources
2024-02-29 10:22:47,381 [Worker-29: Building] INFO  o.a.m.s.f.DefaultMavenResourcesFiltering - Copying 1 resource from src\main\resources to target\classes
2024-02-29 10:22:47,387 [Worker-29: Building] INFO  o.a.m.s.f.DefaultMavenResourcesFiltering - Copying 0 resource from src\main\resources to target\classes
2024-02-29 10:22:47,390 [Worker-29: Building] INFO  o.a.m.s.f.DefaultMavenResourcesFiltering - skip non existing resourceDirectory C:\Users\Daniel\Downloads\users\users\src\test\resources
2024-02-29 10:22:48,599 [Worker-44: Building] INFO  o.a.m.s.f.DefaultMavenResourcesFiltering - Copying 1 resource from src\main\resources to target\classes
2024-02-29 10:22:48,605 [Worker-44: Building] INFO  o.a.m.s.f.DefaultMavenResourcesFiltering - Copying 0 resource from src\main\resources to target\classes
2024-02-29 10:22:48,607 [Worker-44: Building] INFO  o.a.m.s.f.DefaultMavenResourcesFiltering - skip non existing resourceDirectory C:\Users\Daniel\Downloads\users\users\src\test\resources
2024-02-29 10:23:09,220 [Worker-42: Building] INFO  o.a.m.s.f.DefaultMavenResourcesFiltering - Copying 1 resource from src\main\resources to target\classes
2024-02-29 10:23:09,269 [Worker-42: Building] INFO  o.a.m.s.f.DefaultMavenResourcesFiltering - Copying 0 resource from src\main\resources to target\classes
2024-02-29 10:23:09,272 [Worker-42: Building] INFO  o.a.m.s.f.DefaultMavenResourcesFiltering - skip non existing resourceDirectory C:\Users\Daniel\Downloads\users\users\src\test\resources
2024-02-29 10:23:11,877 [Worker-29: Building] INFO  o.a.m.s.f.DefaultMavenResourcesFiltering - Copying 1 resource from src\main\resources to target\classes
2024-02-29 10:23:11,934 [Worker-29: Building] INFO  o.a.m.s.f.DefaultMavenResourcesFiltering - Copying 0 resource from src\main\resources to target\classes
2024-02-29 10:23:11,938 [Worker-29: Building] INFO  o.a.m.s.f.DefaultMavenResourcesFiltering - skip non existing resourceDirectory C:\Users\Daniel\Downloads\users\users\src\test\resources
2024-02-29 10:23:30,602 [Worker-44: Building] INFO  o.a.m.s.f.DefaultMavenResourcesFiltering - Copying 1 resource from src\main\resources to target\classes
2024-02-29 10:23:30,608 [Worker-44: Building] INFO  o.a.m.s.f.DefaultMavenResourcesFiltering - Copying 0 resource from src\main\resources to target\classes
2024-02-29 10:23:30,611 [Worker-44: Building] INFO  o.a.m.s.f.DefaultMavenResourcesFiltering - skip non existing resourceDirectory C:\Users\Daniel\Downloads\users\users\src\test\resources
2024-02-29 10:24:58,685 [Worker-45: Building] INFO  o.a.m.s.f.DefaultMavenResourcesFiltering - Copying 1 resource from src\main\resources to target\classes
2024-02-29 10:24:58,690 [Worker-45: Building] INFO  o.a.m.s.f.DefaultMavenResourcesFiltering - Copying 0 resource from src\main\resources to target\classes
2024-02-29 10:24:58,692 [Worker-45: Building] INFO  o.a.m.s.f.DefaultMavenResourcesFiltering - skip non existing resourceDirectory C:\Users\Daniel\Downloads\users\users\src\test\resources
2024-02-29 10:27:37,193 [Worker-44: Building] INFO  o.a.m.s.f.DefaultMavenResourcesFiltering - Copying 1 resource from src\main\resources to target\classes
2024-02-29 10:27:37,198 [Worker-44: Building] INFO  o.a.m.s.f.DefaultMavenResourcesFiltering - Copying 0 resource from src\main\resources to target\classes
2024-02-29 10:27:37,201 [Worker-44: Building] INFO  o.a.m.s.f.DefaultMavenResourcesFiltering - skip non existing resourceDirectory C:\Users\Daniel\Downloads\users\users\src\test\resources
2024-02-29 10:28:56,789 [Worker-48: Building] INFO  o.a.m.s.f.DefaultMavenResourcesFiltering - Copying 1 resource from src\main\resources to target\classes
2024-02-29 10:28:56,794 [Worker-48: Building] INFO  o.a.m.s.f.DefaultMavenResourcesFiltering - Copying 0 resource from src\main\resources to target\classes
2024-02-29 10:28:56,798 [Worker-48: Building] INFO  o.a.m.s.f.DefaultMavenResourcesFiltering - skip non existing resourceDirectory C:\Users\Daniel\Downloads\users\users\src\test\resources
2024-02-29 10:29:03,266 [Worker-48: Building] INFO  o.a.m.s.f.DefaultMavenResourcesFiltering - Copying 1 resource from src\main\resources to target\classes
2024-02-29 10:29:03,271 [Worker-48: Building] INFO  o.a.m.s.f.DefaultMavenResourcesFiltering - Copying 0 resource from src\main\resources to target\classes
2024-02-29 10:29:03,274 [Worker-48: Building] INFO  o.a.m.s.f.DefaultMavenResourcesFiltering - skip non existing resourceDirectory C:\Users\Daniel\Downloads\users\users\src\test\resources
2024-02-29 10:29:27,673 [Worker-50: Building] INFO  o.a.m.s.f.DefaultMavenResourcesFiltering - Copying 1 resource from src\main\resources to target\classes
2024-02-29 10:29:27,678 [Worker-50: Building] INFO  o.a.m.s.f.DefaultMavenResourcesFiltering - Copying 0 resource from src\main\resources to target\classes
2024-02-29 10:29:27,681 [Worker-50: Building] INFO  o.a.m.s.f.DefaultMavenResourcesFiltering - skip non existing resourceDirectory C:\Users\Daniel\Downloads\users\users\src\test\resources
2024-02-29 10:30:30,998 [Worker-44: Building] INFO  o.a.m.s.f.DefaultMavenResourcesFiltering - Copying 1 resource from src\main\resources to target\classes
2024-02-29 10:30:31,003 [Worker-44: Building] INFO  o.a.m.s.f.DefaultMavenResourcesFiltering - Copying 0 resource from src\main\resources to target\classes
2024-02-29 10:30:31,007 [Worker-44: Building] INFO  o.a.m.s.f.DefaultMavenResourcesFiltering - skip non existing resourceDirectory C:\Users\Daniel\Downloads\users\users\src\test\resources
2024-02-29 10:32:21,905 [Worker-44: Building] INFO  o.a.m.s.f.DefaultMavenResourcesFiltering - Copying 1 resource from src\main\resources to target\classes
2024-02-29 10:32:21,911 [Worker-44: Building] INFO  o.a.m.s.f.DefaultMavenResourcesFiltering - Copying 0 resource from src\main\resources to target\classes
2024-02-29 10:32:21,920 [Worker-44: Building] INFO  o.a.m.s.f.DefaultMavenResourcesFiltering - skip non existing resourceDirectory C:\Users\Daniel\Downloads\users\users\src\test\resources
2024-02-29 10:32:50,267 [Worker-46: Building] INFO  o.a.m.s.f.DefaultMavenResourcesFiltering - Copying 1 resource from src\main\resources to target\classes
2024-02-29 10:32:50,272 [Worker-46: Building] INFO  o.a.m.s.f.DefaultMavenResourcesFiltering - Copying 0 resource from src\main\resources to target\classes
2024-02-29 10:32:50,275 [Worker-46: Building] INFO  o.a.m.s.f.DefaultMavenResourcesFiltering - skip non existing resourceDirectory C:\Users\Daniel\Downloads\users\users\src\test\resources
2024-02-29 10:32:53,090 [Worker-46: Building] INFO  o.a.m.s.f.DefaultMavenResourcesFiltering - Copying 1 resource from src\main\resources to target\classes
2024-02-29 10:32:53,097 [Worker-46: Building] INFO  o.a.m.s.f.DefaultMavenResourcesFiltering - Copying 0 resource from src\main\resources to target\classes
2024-02-29 10:32:53,099 [Worker-46: Building] INFO  o.a.m.s.f.DefaultMavenResourcesFiltering - skip non existing resourceDirectory C:\Users\Daniel\Downloads\users\users\src\test\resources
2024-02-29 10:33:53,600 [Worker-49: Building] INFO  o.a.m.s.f.DefaultMavenResourcesFiltering - Copying 1 resource from src\main\resources to target\classes
2024-02-29 10:33:53,605 [Worker-49: Building] INFO  o.a.m.s.f.DefaultMavenResourcesFiltering - Copying 0 resource from src\main\resources to target\classes
2024-02-29 10:33:53,608 [Worker-49: Building] INFO  o.a.m.s.f.DefaultMavenResourcesFiltering - skip non existing resourceDirectory C:\Users\Daniel\Downloads\users\users\src\test\resources
2024-02-29 10:35:02,842 [Worker-49: Building] INFO  o.a.m.s.f.DefaultMavenResourcesFiltering - Copying 1 resource from src\main\resources to target\classes
2024-02-29 10:35:02,847 [Worker-49: Building] INFO  o.a.m.s.f.DefaultMavenResourcesFiltering - Copying 0 resource from src\main\resources to target\classes
2024-02-29 10:35:02,849 [Worker-49: Building] INFO  o.a.m.s.f.DefaultMavenResourcesFiltering - skip non existing resourceDirectory C:\Users\Daniel\Downloads\users\users\src\test\resources
2024-02-29 10:35:15,232 [Worker-49: Building] INFO  o.a.m.s.f.DefaultMavenResourcesFiltering - Copying 1 resource from src\main\resources to target\classes
2024-02-29 10:35:15,236 [Worker-49: Building] INFO  o.a.m.s.f.DefaultMavenResourcesFiltering - Copying 0 resource from src\main\resources to target\classes
2024-02-29 10:35:15,239 [Worker-49: Building] INFO  o.a.m.s.f.DefaultMavenResourcesFiltering - skip non existing resourceDirectory C:\Users\Daniel\Downloads\users\users\src\test\resources
2024-02-29 10:35:27,280 [Worker-46: Building] INFO  o.a.m.s.f.DefaultMavenResourcesFiltering - Copying 1 resource from src\main\resources to target\classes
2024-02-29 10:35:27,285 [Worker-46: Building] INFO  o.a.m.s.f.DefaultMavenResourcesFiltering - Copying 0 resource from src\main\resources to target\classes
2024-02-29 10:35:27,288 [Worker-46: Building] INFO  o.a.m.s.f.DefaultMavenResourcesFiltering - skip non existing resourceDirectory C:\Users\Daniel\Downloads\users\users\src\test\resources
2024-02-29 10:36:54,713 [Worker-49: Building] INFO  o.a.m.s.f.DefaultMavenResourcesFiltering - Copying 1 resource from src\main\resources to target\classes
2024-02-29 10:36:54,717 [Worker-49: Building] INFO  o.a.m.s.f.DefaultMavenResourcesFiltering - Copying 0 resource from src\main\resources to target\classes
2024-02-29 10:36:54,720 [Worker-49: Building] INFO  o.a.m.s.f.DefaultMavenResourcesFiltering - skip non existing resourceDirectory C:\Users\Daniel\Downloads\users\users\src\test\resources
2024-02-29 10:54:36,516 [Worker-65: Building] INFO  o.a.m.s.f.DefaultMavenResourcesFiltering - Copying 1 resource from src\main\resources to target\classes
2024-02-29 10:54:36,521 [Worker-65: Building] INFO  o.a.m.s.f.DefaultMavenResourcesFiltering - Copying 0 resource from src\main\resources to target\classes
2024-02-29 10:54:36,524 [Worker-65: Building] INFO  o.a.m.s.f.DefaultMavenResourcesFiltering - skip non existing resourceDirectory C:\Users\Daniel\ProjetosSpring\ms\segundo\ensino\src\test\resources
2024-02-29 11:01:31,799 [Worker-76: Building] INFO  o.a.m.s.f.DefaultMavenResourcesFiltering - Copying 1 resource from src\main\resources to target\classes
2024-02-29 11:01:31,805 [Worker-76: Building] INFO  o.a.m.s.f.DefaultMavenResourcesFiltering - Copying 0 resource from src\main\resources to target\classes
2024-02-29 11:01:31,807 [Worker-76: Building] INFO  o.a.m.s.f.DefaultMavenResourcesFiltering - skip non existing resourceDirectory C:\Users\Daniel\ProjetosSpring\ms\segundo\ensino\src\test\resources
2024-02-29 11:02:38,295 [Worker-77: Building] INFO  o.a.m.s.f.DefaultMavenResourcesFiltering - Copying 1 resource from src\main\resources to target\classes
2024-02-29 11:02:38,301 [Worker-77: Building] INFO  o.a.m.s.f.DefaultMavenResourcesFiltering - Copying 0 resource from src\main\resources to target\classes
2024-02-29 11:02:38,304 [Worker-77: Building] INFO  o.a.m.s.f.DefaultMavenResourcesFiltering - skip non existing resourceDirectory C:\Users\Daniel\Downloads\users\users\src\test\resources
2024-02-29 11:03:16,591 [Worker-76: Building] INFO  o.a.m.s.f.DefaultMavenResourcesFiltering - Copying 1 resource from src\main\resources to target\classes
2024-02-29 11:03:16,602 [Worker-76: Building] INFO  o.a.m.s.f.DefaultMavenResourcesFiltering - Copying 0 resource from src\main\resources to target\classes
2024-02-29 11:03:16,605 [Worker-76: Building] INFO  o.a.m.s.f.DefaultMavenResourcesFiltering - skip non existing resourceDirectory C:\Users\Daniel\Downloads\users\users\src\test\resources
